2025-12-26 22:59:07,745 - src.services.user_service - INFO - User admin created successfully.
2025-12-26 22:59:07,941 - src.services.auth_service - ERROR - Failed to write login log: (sqlite3.OperationalError) no such table: login_log
[SQL: INSERT INTO login_log (identifier, login_time, succeed, detail, dual_authentication) VALUES (?, ?, ?, ?, ?)]
[parameters: ('admin', '2025-12-26 22:59:07.941058', 1, 'Login Success', 0)]
(Background on this error at: https://sqlalche.me/e/20/e3q8)
2025-12-26 22:59:08,136 - src.services.auth_service - ERROR - Failed to write login log: (sqlite3.OperationalError) no such table: login_log
[SQL: INSERT INTO login_log (identifier, login_time, succeed, detail, dual_authentication) VALUES (?, ?, ?, ?, ?)]
[parameters: ('admin', '2025-12-26 22:59:08.136328', 0, 'Password Incorrect', 0)]
(Background on this error at: https://sqlalche.me/e/20/e3q8)
2025-12-26 22:59:08,137 - src.services.auth_service - ERROR - Failed to write login log: (sqlite3.OperationalError) no such table: login_log
[SQL: INSERT INTO login_log (identifier, login_time, succeed, detail, dual_authentication) VALUES (?, ?, ?, ?, ?)]
[parameters: (None, '2025-12-26 22:59:08.137531', 0, 'Account User Not Found', 0)]
(Background on this error at: https://sqlalche.me/e/20/e3q8)
2025-12-26 23:01:36,359 - src.services.user_service - INFO - User admin created successfully.
2025-12-26 23:05:25,295 - src.services.user_service - INFO - User admin created successfully.
2025-12-26 23:05:25,491 - src.services.auth_service - ERROR - Login error: Instance <User at 0x10513f310> is not bound to a Session; attribute refresh operation cannot proceed (Background on this error at: https://sqlalche.me/e/20/bhk3)
2025-12-26 23:05:41,810 - src.services.user_service - INFO - User admin created successfully.
2025-12-26 23:05:42,007 - src.services.auth_service - ERROR - Login error: Instance <User at 0x1052c7310> is not bound to a Session; attribute refresh operation cannot proceed (Background on this error at: https://sqlalche.me/e/20/bhk3)
2025-12-26 23:05:52,835 - src.services.user_service - INFO - User admin created successfully.
2025-12-26 23:05:53,034 - src.services.auth_service - ERROR - Login error: Instance <User at 0x1035a0750> is not bound to a Session; attribute refresh operation cannot proceed (Background on this error at: https://sqlalche.me/e/20/bhk3)
2025-12-26 23:07:03,163 - src.services.user_service - INFO - User admin created successfully.
